[14:16:05] [main/WARN]: Ambiguity between arguments [teleport, destination] and [teleport, targets] with inputs: [Player, 0123, @e, dd12be42-52a9-4a91-a8a1-11c01849e498]
[14:16:05] [main/WARN]: Ambiguity between arguments [teleport, location] and [teleport, destination] with inputs: [0.1 -0.5 .9, 0 0 0]
[14:16:05] [main/WARN]: Ambiguity between arguments [teleport, location] and [teleport, targets] with inputs: [0.1 -0.5 .9, 0 0 0]
[14:16:05] [main/WARN]: Ambiguity between arguments [teleport, targets] and [teleport, destination] with inputs: [Player, 0123, dd12be42-52a9-4a91-a8a1-11c01849e498]
[14:16:05] [main/WARN]: Ambiguity between arguments [teleport, targets, location] and [teleport, targets, destination] with inputs: [0.1 -0.5 .9, 0 0 0]
[14:16:05] [Server thread/INFO]: Starting minecraft server version 1.14
[14:16:05] [Server thread/INFO]: Loading properties
[14:16:05] [Server thread/INFO]: Default game type: SURVIVAL
[14:16:05] [Server thread/INFO]: Generating keypair
[14:16:05] [Server thread/INFO]: Starting Minecraft server on 192.168.1.15:25565
[14:16:05] [Server thread/INFO]: Using epoll channel type
[14:16:05] [Server thread/INFO]: Preparing level "world"
[14:16:06] [Server thread/INFO]: Reloading ResourceManager: Default
[14:16:06] [Server thread/INFO]: Loaded 6 recipes
[14:16:08] [Server thread/INFO]: Loaded 811 advancements
[14:16:08] [User Authenticator #1/INFO]: UUID of player PrimeSpeaker is 4d3c0324-f54e-433f-b811-8364c3517d98
[14:16:08] [Server thread/INFO]: Preparing start region for dimension minecraft:overworld
[14:16:13] [Server-Worker-3/INFO]: Preparing spawn area: 0%
[14:16:13] [Server-Worker-3/INFO]: Preparing spawn area: 0%
[14:16:13] [Server-Worker-3/INFO]: Preparing spawn area: 0%
[14:16:13] [Server-Worker-3/INFO]: Preparing spawn area: 0%
[14:16:13] [Server-Worker-3/INFO]: Preparing spawn area: 0%
[14:16:13] [Server-Worker-3/INFO]: Preparing spawn area: 0%
[14:16:13] [Server-Worker-3/INFO]: Preparing spawn area: 0%
[14:16:13] [Server-Worker-3/INFO]: Preparing spawn area: 0%
[14:16:13] [Server-Worker-3/INFO]: Preparing spawn area: 0%
[14:16:13] [Server-Worker-3/INFO]: Preparing spawn area: 0%
[14:16:13] [Server-Worker-3/INFO]: Preparing spawn area: 0%
[14:16:14] [Server-Worker-3/INFO]: Preparing spawn area: 0%
[14:16:16] [Server-Worker-3/INFO]: Preparing spawn area: 0%
[14:16:16] [Server-Worker-3/INFO]: Preparing spawn area: 0%
[14:16:16] [Server-Worker-3/INFO]: Preparing spawn area: 0%
[14:16:16] [Server-Worker-3/INFO]: Preparing spawn area: 0%
[14:16:16] [Server-Worker-3/INFO]: Preparing spawn area: 3%
[14:16:17] [Server-Worker-2/INFO]: Preparing spawn area: 6%
[14:16:17] [Server-Worker-1/INFO]: Preparing spawn area: 8%
[14:16:18] [Server-Worker-3/INFO]: Preparing spawn area: 11%
[14:16:18] [Server-Worker-1/INFO]: Preparing spawn area: 13%
[14:16:19] [Server-Worker-1/INFO]: Preparing spawn area: 16%
[14:16:19] [Server-Worker-1/INFO]: Preparing spawn area: 19%
[14:16:20] [Server-Worker-2/INFO]: Preparing spawn area: 22%
[14:16:24] [Server-Worker-2/INFO]: Preparing spawn area: 25%
[14:16:24] [Server-Worker-2/INFO]: Preparing spawn area: 25%
[14:16:24] [Server-Worker-2/INFO]: Preparing spawn area: 25%
[14:16:24] [Server-Worker-2/INFO]: Preparing spawn area: 25%
[14:16:24] [Server-Worker-2/INFO]: Preparing spawn area: 25%
[14:16:24] [Server-Worker-2/INFO]: Preparing spawn area: 25%
[14:16:24] [Server-Worker-2/INFO]: Preparing spawn area: 25%
[14:16:24] [Server-Worker-2/INFO]: Preparing spawn area: 25%
[14:16:24] [Server-Worker-2/INFO]: Preparing spawn area: 25%
[14:16:25] [Server-Worker-3/INFO]: Preparing spawn area: 75%
[14:16:25] [Server-Worker-2/INFO]: Preparing spawn area: 78%
[14:16:26] [Server-Worker-2/INFO]: Preparing spawn area: 81%
[14:16:26] [Server-Worker-1/INFO]: Preparing spawn area: 84%
[14:16:27] [Server-Worker-1/INFO]: Preparing spawn area: 87%
[14:16:27] [Server-Worker-2/INFO]: Preparing spawn area: 91%
[14:16:28] [Server-Worker-2/INFO]: Preparing spawn area: 93%
[14:16:28] [Server-Worker-1/INFO]: Preparing spawn area: 97%
[14:16:29] [Server thread/INFO]: Time elapsed: 20423 ms
[14:16:29] [Server thread/INFO]: Done (23.154s)! For help, type "help"
[14:16:29] [Server thread/WARN]: Ignored advancement 'minecraft:recipes/decorations/sign' in progress file ./world/advancements/4d3c0324-f54e-433f-b811-8364c3517d98.json - it doesn't exist anymore?
[14:16:29] [Server thread/ERROR]: Tried to load unrecognized recipe: minecraft:sign removed now.
[14:16:29] [Server thread/ERROR]: Tried to load unrecognized recipe: minecraft:sign removed now.
[14:16:29] [Server thread/INFO]: PrimeSpeaker[/89.17.146.171:54252] logged in with entity id 326 at (-2.0455477795705264, 63.0, 256.41554648601334)
[14:16:29] [Server thread/INFO]: PrimeSpeaker joined the game
[14:16:32] [User Authenticator #2/INFO]: UUID of player RainbowPeniz is 4ce2d194-5001-431d-ab3c-066ba03cb1b0
[14:16:32] [Server thread/WARN]: Ignored advancement 'minecraft:recipes/decorations/sign' in progress file ./world/advancements/4ce2d194-5001-431d-ab3c-066ba03cb1b0.json - it doesn't exist anymore?
[14:16:32] [Server thread/ERROR]: Tried to load unrecognized recipe: minecraft:sign removed now.
[14:16:32] [Server thread/ERROR]: Tried to load unrecognized recipe: minecraft:sign removed now.
[14:16:32] [Server thread/INFO]: RainbowPeniz[/46.239.210.180:53191] logged in with entity id 341 at (-4.46019775504258, 63.0, 263.78548969616776)
[14:16:32] [Server thread/INFO]: RainbowPeniz joined the game
[14:21:31] [Server thread/WARN]: Can't keep up! Is the server overloaded? Running 2164ms or 43 ticks behind
[14:34:24] [Server thread/INFO]: RainbowPeniz has made the advancement [Take Aim]
[14:43:13] [Server thread/INFO]: PrimeSpeaker has made the advancement [Take Aim]
[14:45:50] [User Authenticator #3/INFO]: UUID of player WhackingCheese is 31842f65-95dd-4036-aa2b-90da6d8ae04c
[14:45:50] [Server thread/INFO]: WhackingCheese[/130.208.151.170:59027] logged in with entity id 22705 at (89.69999998807907, 64.0, 241.69999998807907)
[14:45:50] [Server thread/INFO]: WhackingCheese joined the game
[14:45:55] [Server thread/INFO]: WhackingCheese lost connection: Disconnected
[14:45:55] [Server thread/INFO]: WhackingCheese left the game
[14:48:52] [User Authenticator #4/INFO]: UUID of player WhackingCheese is 31842f65-95dd-4036-aa2b-90da6d8ae04c
[14:48:52] [Server thread/INFO]: WhackingCheese[/130.208.151.170:59045] logged in with entity id 24397 at (89.69999998807907, 64.0, 241.69999998807907)
[14:48:52] [Server thread/INFO]: WhackingCheese joined the game
[14:49:25] [Server thread/INFO]: WhackingCheese lost connection: Disconnected
[14:49:25] [Server thread/INFO]: WhackingCheese left the game
[14:49:52] [Server thread/INFO]: RainbowPeniz has made the advancement [Not Today, Thank You]
[14:53:57] [Server thread/INFO]: RainbowPeniz has made the advancement [Suit Up]
[14:57:36] [Server thread/WARN]: Fetching addPacket for removed entity
[15:34:48] [Server thread/INFO]: RainbowPeniz has made the advancement [Diamonds!]
[15:45:53] [Server thread/INFO]: PrimeSpeaker has made the advancement [Ice Bucket Challenge]
[15:49:25] [Server thread/INFO]: PrimeSpeaker has made the advancement [Diamonds!]
[16:02:16] [Server thread/INFO]: PrimeSpeaker has made the advancement [Enchanter]
[16:03:48] [Server thread/INFO]: RainbowPeniz has made the advancement [Enchanter]
[16:34:21] [Server thread/INFO]: PrimeSpeaker lost connection: Disconnected
[16:34:21] [Server thread/INFO]: PrimeSpeaker left the game
[16:34:23] [Server thread/INFO]: RainbowPeniz lost connection: Disconnected
[16:34:23] [Server thread/INFO]: RainbowPeniz left the game
[18:00:51] [Server thread/INFO]: Stopping server
[18:00:51] [Server thread/INFO]: Saving players
[18:00:51] [Server thread/INFO]: Saving worlds
[18:00:51] [Server thread/INFO]: Saving chunks for level 'world'/minecraft:the_end
[18:00:51] [Server thread/INFO]: ThreadedAnvilChunkStorage (DIM1): All chunks are saved
[18:00:51] [Server thread/INFO]: Saving chunks for level 'world'/minecraft:overworld
[18:00:51] [Server thread/INFO]: ThreadedAnvilChunkStorage (world): All chunks are saved
[18:00:51] [Server thread/INFO]: Saving chunks for level 'world'/minecraft:the_nether
[18:00:51] [Server thread/INFO]: ThreadedAnvilChunkStorage (DIM-1): All chunks are saved
[18:00:51] [Server thread/INFO]: ThreadedAnvilChunkStorage (DIM1): All chunks are saved
[18:00:51] [Server thread/INFO]: ThreadedAnvilChunkStorage (DIM1): All chunks are saved
[18:00:51] [Server thread/INFO]: ThreadedAnvilChunkStorage (world): All chunks are saved
[18:00:51] [Server thread/INFO]: ThreadedAnvilChunkStorage (world): All chunks are saved
[18:00:51] [Server thread/INFO]: ThreadedAnvilChunkStorage (DIM-1): All chunks are saved
[18:00:51] [Server thread/INFO]: ThreadedAnvilChunkStorage (DIM-1): All chunks are saved
